2024-03-28T12:41:03.799+09:00  INFO 14400 --- [sboard] [restartedMain] kr.co.sboard.SboardApplication           : Starting SboardApplication using Java 17.0.10 with PID 14400 (C:\Users\java\Desktop\Workspace\Spring\sboard\build\classes\java\main started by java in C:\Users\java\Desktop\Workspace\Spring\sboard)
2024-03-28T12:41:03.802+09:00  INFO 14400 --- [sboard] [restartedMain] kr.co.sboard.SboardApplication           : No active profile set, falling back to 1 default profile: "default"
2024-03-28T12:41:03.933+09:00  INFO 14400 --- [sboard] [restartedMain] .e.DevToolsPropertyDefaultsPostProcessor : Devtools property defaults active! Set 'spring.devtools.add-properties' to 'false' to disable
2024-03-28T12:41:03.933+09:00  INFO 14400 --- [sboard] [restartedMain] .e.DevToolsPropertyDefaultsPostProcessor : For additional web related logging consider setting the 'logging.level.web' property to 'DEBUG'
2024-03-28T12:41:04.340+09:00  INFO 14400 --- [sboard] [restartedMain] .s.d.r.c.RepositoryConfigurationDelegate : Bootstrapping Spring Data JPA repositories in DEFAULT mode.
2024-03-28T12:41:04.370+09:00  INFO 14400 --- [sboard] [restartedMain] .s.d.r.c.RepositoryConfigurationDelegate : Finished Spring Data repository scanning in 25 ms. Found 4 JPA repository interfaces.
2024-03-28T12:41:04.673+09:00  INFO 14400 --- [sboard] [restartedMain] o.s.b.w.embedded.tomcat.TomcatWebServer  : Tomcat initialized with port 8080 (http)
2024-03-28T12:41:04.680+09:00  INFO 14400 --- [sboard] [restartedMain] o.apache.catalina.core.StandardService   : Starting service [Tomcat]
2024-03-28T12:41:04.680+09:00  INFO 14400 --- [sboard] [restartedMain] o.apache.catalina.core.StandardEngine    : Starting Servlet engine: [Apache Tomcat/10.1.19]
2024-03-28T12:41:04.705+09:00  INFO 14400 --- [sboard] [restartedMain] o.a.c.c.C.[.[localhost].[/sboard]        : Initializing Spring embedded WebApplicationContext
2024-03-28T12:41:04.706+09:00  INFO 14400 --- [sboard] [restartedMain] w.s.c.ServletWebServerApplicationContext : Root WebApplicationContext: initialization completed in 772 ms
2024-03-28T12:41:04.737+09:00  WARN 14400 --- [sboard] [restartedMain] o.a.c.c.C.[.[localhost].[/sboard]        : Cannot deserialize session attribute [SPRING_SECURITY_CONTEXT] for session [9234BDA728E333627E0803C19A174DD4]
2024-03-28T12:41:04.802+09:00  INFO 14400 --- [sboard] [restartedMain] o.hibernate.jpa.internal.util.LogHelper  : HHH000204: Processing PersistenceUnitInfo [name: default]
2024-03-28T12:41:04.827+09:00  INFO 14400 --- [sboard] [restartedMain] org.hibernate.Version                    : HHH000412: Hibernate ORM core version 6.4.4.Final
2024-03-28T12:41:04.842+09:00  INFO 14400 --- [sboard] [restartedMain] o.h.c.internal.RegionFactoryInitiator    : HHH000026: Second-level cache disabled
2024-03-28T12:41:04.970+09:00  INFO 14400 --- [sboard] [restartedMain] o.s.o.j.p.SpringPersistenceUnitInfo      : No LoadTimeWeaver setup: ignoring JPA class transformer
2024-03-28T12:41:04.984+09:00  INFO 14400 --- [sboard] [restartedMain] com.zaxxer.hikari.HikariDataSource       : HikariPool-1 - Starting...
2024-03-28T12:41:05.119+09:00  INFO 14400 --- [sboard] [restartedMain] com.zaxxer.hikari.pool.HikariPool        : HikariPool-1 - Added connection com.mysql.cj.jdbc.ConnectionImpl@c9df67b
2024-03-28T12:41:05.120+09:00  INFO 14400 --- [sboard] [restartedMain] com.zaxxer.hikari.HikariDataSource       : HikariPool-1 - Start completed.
2024-03-28T12:41:05.146+09:00  WARN 14400 --- [sboard] [restartedMain] org.hibernate.orm.deprecation            : HHH90000025: MySQLDialect does not need to be specified explicitly using 'hibernate.dialect' (remove the property setting and it will be selected by default)
2024-03-28T12:41:05.650+09:00  INFO 14400 --- [sboard] [restartedMain] o.h.e.t.j.p.i.JtaPlatformInitiator       : HHH000489: No JTA platform available (set 'hibernate.transaction.jta.platform' to enable JTA platform integration)
2024-03-28T12:41:05.683+09:00  INFO 14400 --- [sboard] [restartedMain] j.LocalContainerEntityManagerFactoryBean : Initialized JPA EntityManagerFactory for persistence unit 'default'
2024-03-28T12:41:06.026+09:00  WARN 14400 --- [sboard] [restartedMain] JpaBaseConfiguration$JpaWebConfiguration : spring.jpa.open-in-view is enabled by default. Therefore, database queries may be performed during view rendering. Explicitly configure spring.jpa.open-in-view to disable this warning
2024-03-28T12:41:06.168+09:00  INFO 14400 --- [sboard] [restartedMain] o.s.s.web.DefaultSecurityFilterChain     : Will secure any request with [org.springframework.security.web.session.DisableEncodeUrlFilter@68a8bc0f, org.springframework.security.web.context.request.async.WebAsyncManagerIntegrationFilter@45a4c9c2, org.springframework.security.web.context.SecurityContextHolderFilter@6adecd52, org.springframework.security.web.header.HeaderWriterFilter@124619a1, org.springframework.web.filter.CorsFilter@290bb2a4, org.springframework.security.web.authentication.logout.LogoutFilter@57e47fad, org.springframework.security.web.authentication.UsernamePasswordAuthenticationFilter@5b1b8a89, org.springframework.security.web.savedrequest.RequestCacheAwareFilter@14b770a5, org.springframework.security.web.servletapi.SecurityContextHolderAwareRequestFilter@1598b053, org.springframework.security.web.authentication.AnonymousAuthenticationFilter@6bf8368, org.springframework.security.web.access.ExceptionTranslationFilter@30067dc8, org.springframework.security.web.access.intercept.AuthorizationFilter@6329d101]
2024-03-28T12:41:06.349+09:00  INFO 14400 --- [sboard] [restartedMain] o.s.b.d.a.OptionalLiveReloadServer       : LiveReload server is running on port 35729
2024-03-28T12:41:06.367+09:00  INFO 14400 --- [sboard] [restartedMain] o.s.b.w.embedded.tomcat.TomcatWebServer  : Tomcat started on port 8080 (http) with context path '/sboard'
2024-03-28T12:41:06.372+09:00  INFO 14400 --- [sboard] [restartedMain] kr.co.sboard.SboardApplication           : Started SboardApplication in 2.806 seconds (process running for 3.142)
2024-03-28T12:41:37.115+09:00  INFO 14400 --- [sboard] [http-nio-8080-exec-3] o.a.c.c.C.[.[localhost].[/sboard]        : Initializing Spring DispatcherServlet 'dispatcherServlet'
2024-03-28T12:41:37.115+09:00  INFO 14400 --- [sboard] [http-nio-8080-exec-3] o.s.web.servlet.DispatcherServlet        : Initializing Servlet 'dispatcherServlet'
2024-03-28T12:41:37.116+09:00  INFO 14400 --- [sboard] [http-nio-8080-exec-3] o.s.web.servlet.DispatcherServlet        : Completed initialization in 1 ms
2024-03-28T12:44:21.870+09:00  INFO 14400 --- [sboard] [SpringApplicationShutdownHook] j.LocalContainerEntityManagerFactoryBean : Closing JPA EntityManagerFactory for persistence unit 'default'
2024-03-28T12:44:21.873+09:00  INFO 14400 --- [sboard] [SpringApplicationShutdownHook] com.zaxxer.hikari.HikariDataSource       : HikariPool-1 - Shutdown initiated...
2024-03-28T12:44:21.879+09:00  INFO 14400 --- [sboard] [SpringApplicationShutdownHook] com.zaxxer.hikari.HikariDataSource       : HikariPool-1 - Shutdown completed.
